C:\DEV\BLACKOUT\AKELDAMA\AKELDAMA\DEBUG\AKELDAMA.EXE.INTERMEDIATE.MANIFEST
C:\dev\Blackout\Akeldama\Akeldama\Debug\cl.command.1.tlog
C:\dev\Blackout\Akeldama\Akeldama\Debug\CL.read.1.tlog
C:\dev\Blackout\Akeldama\Akeldama\Debug\CL.write.1.tlog
C:\DEV\BLACKOUT\AKELDAMA\AKELDAMA\DEBUG\ENTITY.OBJ
C:\DEV\BLACKOUT\AKELDAMA\AKELDAMA\DEBUG\GAME.OBJ
C:\dev\Blackout\Akeldama\Akeldama\Debug\link.command.1.tlog
C:\dev\Blackout\Akeldama\Akeldama\Debug\link.read.1.tlog
C:\dev\Blackout\Akeldama\Akeldama\Debug\link.write.1.tlog
C:\dev\Blackout\Akeldama\Akeldama\Debug\mt.command.1.tlog
C:\dev\Blackout\Akeldama\Akeldama\Debug\mt.read.1.tlog
C:\dev\Blackout\Akeldama\Akeldama\Debug\mt.write.1.tlog
C:\DEV\BLACKOUT\AKELDAMA\AKELDAMA\DEBUG\NPC.OBJ
C:\DEV\BLACKOUT\AKELDAMA\AKELDAMA\DEBUG\PLAYER.OBJ
C:\DEV\BLACKOUT\AKELDAMA\AKELDAMA\DEBUG\SPELL.OBJ
C:\DEV\BLACKOUT\AKELDAMA\AKELDAMA\DEBUG\UNIT.OBJ
C:\dev\Blackout\Akeldama\Akeldama\Debug\vc100.idb
C:\DEV\BLACKOUT\AKELDAMA\AKELDAMA\DEBUG\VC100.PDB
C:\DEV\BLACKOUT\AKELDAMA\DEBUG\AKELDAMA.EXE
C:\DEV\BLACKOUT\AKELDAMA\DEBUG\AKELDAMA.ILK
C:\DEV\BLACKOUT\AKELDAMA\DEBUG\AKELDAMA.PDB
